% mean class accuracy (train set)	
 9.6495e+01	
 9.8583e+01	
 9.8987e+01	
 9.9108e+01	
 9.9270e+01	
 9.9465e+01	
 9.9510e+01	
 9.9623e+01	
 9.9605e+01	
 9.9735e+01	
 9.9705e+01	
 9.9720e+01	
 9.9640e+01	
 9.9633e+01	
 9.9628e+01	
 9.9635e+01	
 9.9617e+01	
 9.9660e+01	
 9.9750e+01	
 9.9855e+01	
 9.9952e+01	
 9.9972e+01	
 9.9997e+01	
 1.0000e+02	
 1.0000e+02	
 1.0000e+02	
 1.0000e+02	
 1.0000e+02	
 1.0000e+02	
 1.0000e+02	
 1.0000e+02	
 1.0000e+02	
 1.0000e+02	
 1.0000e+02	
 1.0000e+02	
 1.0000e+02	
 1.0000e+02	
 1.0000e+02	
 1.0000e+02	
 1.0000e+02	
 1.0000e+02	
 1.0000e+02	
 1.0000e+02	
 1.0000e+02	
 1.0000e+02	
 1.0000e+02	
 1.0000e+02	
 1.0000e+02	
 1.0000e+02	
 1.0000e+02	
 1.0000e+02	
 1.0000e+02	
 1.0000e+02	
 1.0000e+02	
 1.0000e+02	
 1.0000e+02	
 1.0000e+02	
 1.0000e+02	
 1.0000e+02	
 1.0000e+02	
 1.0000e+02	
 1.0000e+02	
 1.0000e+02	
 1.0000e+02	
 1.0000e+02	
 1.0000e+02	
 1.0000e+02	
 1.0000e+02	
 1.0000e+02	
 1.0000e+02	
 1.0000e+02	
 1.0000e+02	
 1.0000e+02	
 1.0000e+02	
 1.0000e+02	
 1.0000e+02	
 1.0000e+02	
 1.0000e+02	
 1.0000e+02	
 1.0000e+02	
 1.0000e+02	
 1.0000e+02	
 1.0000e+02	
 1.0000e+02	
 1.0000e+02	
 1.0000e+02	
 1.0000e+02	
 1.0000e+02	
 1.0000e+02	
 1.0000e+02	
 1.0000e+02	
 1.0000e+02	
 1.0000e+02	
 1.0000e+02	
 1.0000e+02	
 1.0000e+02	
 1.0000e+02	
 1.0000e+02	
 1.0000e+02	
 1.0000e+02	
 1.0000e+02	
 1.0000e+02	
 1.0000e+02	
 1.0000e+02	
 1.0000e+02	
 1.0000e+02	
 1.0000e+02	
 1.0000e+02	
 1.0000e+02	
 1.0000e+02	
 1.0000e+02	
 1.0000e+02	
 1.0000e+02	
 1.0000e+02	
 1.0000e+02	
 1.0000e+02	
 1.0000e+02	
 1.0000e+02	
 1.0000e+02	
 1.0000e+02	
 1.0000e+02	
 1.0000e+02	
 1.0000e+02	
 1.0000e+02	
 1.0000e+02	
 1.0000e+02	
 1.0000e+02	
 1.0000e+02	
 1.0000e+02	
 1.0000e+02	
 1.0000e+02	
 1.0000e+02	
 1.0000e+02	
 1.0000e+02	
 1.0000e+02	
 1.0000e+02	
 1.0000e+02	
 1.0000e+02	
 1.0000e+02	
 1.0000e+02	
 1.0000e+02	
 1.0000e+02	
 1.0000e+02	
 1.0000e+02	
 1.0000e+02	
 1.0000e+02	
 1.0000e+02	
 1.0000e+02	
 1.0000e+02	
 1.0000e+02	
 1.0000e+02	
 1.0000e+02	
 1.0000e+02	
 1.0000e+02	
 1.0000e+02	
 1.0000e+02	
 1.0000e+02	
 1.0000e+02	
 1.0000e+02	
 1.0000e+02	
 1.0000e+02	
 1.0000e+02	
 1.0000e+02	
 1.0000e+02	
 1.0000e+02	
 1.0000e+02	
 1.0000e+02	
 1.0000e+02	
 1.0000e+02	
 1.0000e+02	
 1.0000e+02	
 1.0000e+02	
 1.0000e+02	
 1.0000e+02	
 1.0000e+02	
 1.0000e+02	
 1.0000e+02	
 1.0000e+02	
 1.0000e+02	
 1.0000e+02	
 1.0000e+02	
 1.0000e+02	
 1.0000e+02	
 1.0000e+02	
 1.0000e+02	
 1.0000e+02	
 1.0000e+02	
 1.0000e+02	
 1.0000e+02	
 1.0000e+02	
 1.0000e+02	
 1.0000e+02	
 1.0000e+02	
 1.0000e+02	
 1.0000e+02	
 1.0000e+02	
 1.0000e+02	
 1.0000e+02	
 1.0000e+02	
 1.0000e+02	
 1.0000e+02	
 1.0000e+02	
 1.0000e+02	
 1.0000e+02	
 1.0000e+02	
 1.0000e+02	
 1.0000e+02	
 1.0000e+02	
 1.0000e+02	
 1.0000e+02	
 1.0000e+02	
 1.0000e+02	
 1.0000e+02	
 1.0000e+02	
 1.0000e+02	
 1.0000e+02	
 1.0000e+02	
 1.0000e+02	
 1.0000e+02	
 1.0000e+02	
 1.0000e+02	
 1.0000e+02	
 1.0000e+02	
 1.0000e+02	
 1.0000e+02	
 1.0000e+02	
 1.0000e+02	
 1.0000e+02	
 1.0000e+02	
 1.0000e+02	
 1.0000e+02	
 1.0000e+02	
 1.0000e+02	
 1.0000e+02	
 1.0000e+02	
 1.0000e+02	
 1.0000e+02	
 1.0000e+02	
 1.0000e+02	
 1.0000e+02	
 1.0000e+02	
 1.0000e+02	
 1.0000e+02	
 1.0000e+02	
 1.0000e+02	
 1.0000e+02	
 1.0000e+02	
 1.0000e+02	
 1.0000e+02	
 1.0000e+02	
 1.0000e+02	
 1.0000e+02	
 1.0000e+02	
 1.0000e+02	
 1.0000e+02	
 1.0000e+02	
 1.0000e+02	
 1.0000e+02	
 1.0000e+02	
 1.0000e+02	
 1.0000e+02	
 1.0000e+02	
 1.0000e+02	
 1.0000e+02	
 1.0000e+02	
 1.0000e+02	
 1.0000e+02	
 1.0000e+02	
 1.0000e+02	
 1.0000e+02	
 1.0000e+02	
 1.0000e+02	
 1.0000e+02	
 1.0000e+02	
 1.0000e+02	
 1.0000e+02	
 1.0000e+02	
 1.0000e+02	
 1.0000e+02	
 1.0000e+02	
 1.0000e+02	
 1.0000e+02	
 1.0000e+02	
 1.0000e+02	
 1.0000e+02	
 1.0000e+02	
 1.0000e+02	
 1.0000e+02	
 1.0000e+02	
 1.0000e+02	
 1.0000e+02	
 1.0000e+02	
 1.0000e+02	
 1.0000e+02	
 1.0000e+02	
 1.0000e+02	
 1.0000e+02	
 1.0000e+02	
 1.0000e+02	
 1.0000e+02	
 1.0000e+02	
 1.0000e+02	
 1.0000e+02	
 1.0000e+02	
 1.0000e+02	
 1.0000e+02	
 1.0000e+02	
 1.0000e+02	
 1.0000e+02	
 1.0000e+02	
 1.0000e+02	
 1.0000e+02	
 1.0000e+02	
 1.0000e+02	
 1.0000e+02	
 1.0000e+02	
 1.0000e+02	
 1.0000e+02	
 1.0000e+02	
 1.0000e+02	
 1.0000e+02	
 1.0000e+02	
 1.0000e+02	
 1.0000e+02	
 1.0000e+02	
 1.0000e+02	
 1.0000e+02	
 1.0000e+02	
 1.0000e+02	
 1.0000e+02	
 1.0000e+02	
 1.0000e+02	
 1.0000e+02	
 1.0000e+02	
 1.0000e+02	
 1.0000e+02	
 1.0000e+02	
 1.0000e+02	
 1.0000e+02	
 1.0000e+02	
 1.0000e+02	
 1.0000e+02	
 1.0000e+02	
 1.0000e+02	
 1.0000e+02	
 1.0000e+02	
 1.0000e+02	
 1.0000e+02	
 1.0000e+02	
 1.0000e+02	
 1.0000e+02	
 1.0000e+02	
 1.0000e+02	
 1.0000e+02	
 1.0000e+02	
 1.0000e+02	
 1.0000e+02	
 1.0000e+02	
 1.0000e+02	
 1.0000e+02	
 1.0000e+02	
 1.0000e+02	
 1.0000e+02	
 1.0000e+02	
 1.0000e+02	
 1.0000e+02	
 1.0000e+02	
 1.0000e+02	
 1.0000e+02	
 1.0000e+02	
 1.0000e+02	
 1.0000e+02	
 1.0000e+02	
 1.0000e+02	
 1.0000e+02	
 1.0000e+02	
 1.0000e+02	
 1.0000e+02	
 1.0000e+02	
 1.0000e+02	
 1.0000e+02	
 1.0000e+02	
 1.0000e+02	
 1.0000e+02	
 1.0000e+02	
 1.0000e+02	
 1.0000e+02	
 1.0000e+02	
 1.0000e+02	
 1.0000e+02	
 1.0000e+02	
 1.0000e+02	
 1.0000e+02	
 1.0000e+02	
 1.0000e+02	
 1.0000e+02	
 1.0000e+02	
 1.0000e+02	
 1.0000e+02	
 1.0000e+02	
 1.0000e+02	
 1.0000e+02	
 1.0000e+02	
 1.0000e+02	
 1.0000e+02	
 1.0000e+02	
 1.0000e+02	
 1.0000e+02	
 1.0000e+02	
 1.0000e+02	
 1.0000e+02	
 1.0000e+02	
 1.0000e+02	
 1.0000e+02	
 1.0000e+02	
 1.0000e+02	
 1.0000e+02	
 1.0000e+02	
 1.0000e+02	
 1.0000e+02	
 1.0000e+02	
 1.0000e+02	
 1.0000e+02	
 1.0000e+02	
 1.0000e+02	
 1.0000e+02	
 1.0000e+02	
 1.0000e+02	
 1.0000e+02	
 1.0000e+02	
 1.0000e+02	
 1.0000e+02	
 1.0000e+02	
 1.0000e+02	
 1.0000e+02	
 1.0000e+02	
 1.0000e+02	
 1.0000e+02	
 1.0000e+02	
 1.0000e+02	
 1.0000e+02	
 1.0000e+02	
 1.0000e+02	
 1.0000e+02	
 1.0000e+02	
 1.0000e+02	
 1.0000e+02	
 1.0000e+02	
 1.0000e+02	
 1.0000e+02	
 1.0000e+02	
 1.0000e+02	
 1.0000e+02	
 1.0000e+02	
 1.0000e+02	
 1.0000e+02	
 1.0000e+02	
 1.0000e+02	
 1.0000e+02	
 1.0000e+02	
 1.0000e+02	
 1.0000e+02	
 1.0000e+02	
 1.0000e+02	
 1.0000e+02	
 1.0000e+02	
 1.0000e+02	
 1.0000e+02	
 1.0000e+02	
 1.0000e+02	
 1.0000e+02	
 1.0000e+02	
 1.0000e+02	
 1.0000e+02	
 1.0000e+02	
 1.0000e+02	
 1.0000e+02	
 1.0000e+02	
 1.0000e+02	
 1.0000e+02	
 1.0000e+02	
 1.0000e+02	
 1.0000e+02	
 1.0000e+02	
 1.0000e+02	
 1.0000e+02	
 1.0000e+02	
 1.0000e+02	
 1.0000e+02	
 1.0000e+02	
 1.0000e+02	
 1.0000e+02	
 1.0000e+02	
 1.0000e+02	
 1.0000e+02	
 1.0000e+02	
 1.0000e+02	
 1.0000e+02	
 1.0000e+02	
 1.0000e+02	
 1.0000e+02	
 1.0000e+02	
 1.0000e+02	
 1.0000e+02	
 1.0000e+02	
 1.0000e+02	
 1.0000e+02	
 1.0000e+02	
 1.0000e+02	
 1.0000e+02	
 1.0000e+02	
 1.0000e+02	
 1.0000e+02	
 1.0000e+02	
 1.0000e+02	
 1.0000e+02	
 1.0000e+02	
 1.0000e+02	
 1.0000e+02	
 1.0000e+02	
 1.0000e+02	
 1.0000e+02	
 1.0000e+02	
 1.0000e+02	
 1.0000e+02	
 1.0000e+02	
 1.0000e+02	
 1.0000e+02	
 1.0000e+02	
 1.0000e+02	
 1.0000e+02	
 1.0000e+02	
 1.0000e+02	
 1.0000e+02	
 1.0000e+02	
 1.0000e+02	
 1.0000e+02	
 1.0000e+02	
 1.0000e+02	
 1.0000e+02	
 1.0000e+02	
 1.0000e+02	
 1.0000e+02	
 1.0000e+02	
 1.0000e+02	
 1.0000e+02	
 1.0000e+02	
 1.0000e+02	
 1.0000e+02	
 1.0000e+02	
 1.0000e+02	
 1.0000e+02	
 1.0000e+02	
 1.0000e+02	
 1.0000e+02	
 1.0000e+02	
 1.0000e+02	
 1.0000e+02	
 1.0000e+02	
 1.0000e+02	
 1.0000e+02	
 1.0000e+02	
 1.0000e+02	
 1.0000e+02	
 1.0000e+02	
 1.0000e+02	
 1.0000e+02	
 1.0000e+02	
 1.0000e+02	
 1.0000e+02	
 1.0000e+02	
 1.0000e+02	
 1.0000e+02	
 1.0000e+02	
 1.0000e+02	
 1.0000e+02	
 1.0000e+02	
 1.0000e+02	
 1.0000e+02	
 1.0000e+02	
 1.0000e+02	
 1.0000e+02	
 1.0000e+02	
 1.0000e+02	
 1.0000e+02	
 1.0000e+02	
 1.0000e+02	
 1.0000e+02	
 1.0000e+02	
 1.0000e+02	
 1.0000e+02	
 1.0000e+02	
 1.0000e+02	
 1.0000e+02	
 1.0000e+02	
 1.0000e+02	
 1.0000e+02	
 1.0000e+02	
 1.0000e+02	
 1.0000e+02	
 1.0000e+02	
 1.0000e+02	
 1.0000e+02	
 1.0000e+02	
 1.0000e+02	
 1.0000e+02	
 1.0000e+02	
 1.0000e+02	
 1.0000e+02	
 1.0000e+02	
 1.0000e+02	
 1.0000e+02	
 1.0000e+02	
 1.0000e+02	
 1.0000e+02	
 1.0000e+02	
 1.0000e+02	
 1.0000e+02	
 1.0000e+02	
 1.0000e+02	
 1.0000e+02	
 1.0000e+02	
 1.0000e+02	
 1.0000e+02	
 1.0000e+02	
 1.0000e+02	
 1.0000e+02	
 1.0000e+02	
 1.0000e+02	
 1.0000e+02	
 1.0000e+02	
 1.0000e+02	
 1.0000e+02	
 1.0000e+02	
 1.0000e+02	
 1.0000e+02	
 1.0000e+02	
 1.0000e+02	
 1.0000e+02	
 1.0000e+02	
 1.0000e+02	
 1.0000e+02	
 1.0000e+02	
 1.0000e+02	
 1.0000e+02	
 1.0000e+02	
 1.0000e+02	
 1.0000e+02	
 1.0000e+02	
 1.0000e+02	
 1.0000e+02	
 1.0000e+02	
 1.0000e+02	
 1.0000e+02	
 1.0000e+02	
 1.0000e+02	
 1.0000e+02	
 1.0000e+02	
 1.0000e+02	
 1.0000e+02	
 1.0000e+02	
 1.0000e+02	
 1.0000e+02	
 1.0000e+02	
 1.0000e+02	
 1.0000e+02	
 1.0000e+02	
 1.0000e+02	
 1.0000e+02	
 1.0000e+02	
 1.0000e+02	
 1.0000e+02	
 1.0000e+02	
 1.0000e+02	
 1.0000e+02	
 1.0000e+02	
 1.0000e+02	
 1.0000e+02	
 1.0000e+02	
 1.0000e+02	
 1.0000e+02	
 1.0000e+02	
 1.0000e+02	
 1.0000e+02	
