% mean class accuracy (train set)	
 9.6300e+01	
 9.8662e+01	
 9.9235e+01	
 9.9445e+01	
 9.9573e+01	
 9.9627e+01	
 9.9703e+01	
 9.9790e+01	
 9.9872e+01	
 9.9875e+01	
 9.9908e+01	
 9.9908e+01	
 9.9962e+01	
 9.9983e+01	
 9.9997e+01	
 1.0000e+02	
 1.0000e+02	
 1.0000e+02	
 1.0000e+02	
 1.0000e+02	
 1.0000e+02	
 1.0000e+02	
 1.0000e+02	
 1.0000e+02	
 1.0000e+02	
 1.0000e+02	
 1.0000e+02	
 1.0000e+02	
 1.0000e+02	
 1.0000e+02	
 1.0000e+02	
 1.0000e+02	
 1.0000e+02	
 1.0000e+02	
 1.0000e+02	
 1.0000e+02	
 1.0000e+02	
 1.0000e+02	
 1.0000e+02	
 1.0000e+02	
 1.0000e+02	
 1.0000e+02	
 1.0000e+02	
 1.0000e+02	
 1.0000e+02	
 1.0000e+02	
 1.0000e+02	
 1.0000e+02	
 1.0000e+02	
 1.0000e+02	
 1.0000e+02	
 1.0000e+02	
 1.0000e+02	
 1.0000e+02	
 1.0000e+02	
 1.0000e+02	
 1.0000e+02	
 1.0000e+02	
 1.0000e+02	
 1.0000e+02	
 1.0000e+02	
 1.0000e+02	
 1.0000e+02	
 1.0000e+02	
 1.0000e+02	
 1.0000e+02	
 1.0000e+02	
 1.0000e+02	
 1.0000e+02	
 1.0000e+02	
 1.0000e+02	
 1.0000e+02	
 1.0000e+02	
 1.0000e+02	
 1.0000e+02	
 1.0000e+02	
 1.0000e+02	
 1.0000e+02	
 1.0000e+02	
 1.0000e+02	
 1.0000e+02	
 1.0000e+02	
 1.0000e+02	
 1.0000e+02	
 1.0000e+02	
 1.0000e+02	
 1.0000e+02	
 1.0000e+02	
 1.0000e+02	
 1.0000e+02	
 1.0000e+02	
 1.0000e+02	
 1.0000e+02	
 1.0000e+02	
 1.0000e+02	
 1.0000e+02	
 1.0000e+02	
 1.0000e+02	
 1.0000e+02	
 1.0000e+02	
 1.0000e+02	
 1.0000e+02	
 1.0000e+02	
 1.0000e+02	
 1.0000e+02	
 1.0000e+02	
 1.0000e+02	
 1.0000e+02	
 1.0000e+02	
 1.0000e+02	
 1.0000e+02	
 1.0000e+02	
 1.0000e+02	
 1.0000e+02	
 1.0000e+02	
 1.0000e+02	
 1.0000e+02	
 1.0000e+02	
 1.0000e+02	
 1.0000e+02	
 1.0000e+02	
 1.0000e+02	
 1.0000e+02	
 1.0000e+02	
 1.0000e+02	
 1.0000e+02	
 1.0000e+02	
 1.0000e+02	
 1.0000e+02	
 1.0000e+02	
 1.0000e+02	
 1.0000e+02	
 1.0000e+02	
 1.0000e+02	
 1.0000e+02	
 1.0000e+02	
 1.0000e+02	
 1.0000e+02	
 1.0000e+02	
 1.0000e+02	
 1.0000e+02	
 1.0000e+02	
 1.0000e+02	
 1.0000e+02	
 1.0000e+02	
 1.0000e+02	
 1.0000e+02	
 1.0000e+02	
 1.0000e+02	
 1.0000e+02	
 1.0000e+02	
 1.0000e+02	
 1.0000e+02	
 1.0000e+02	
 1.0000e+02	
 1.0000e+02	
 1.0000e+02	
 1.0000e+02	
 1.0000e+02	
 1.0000e+02	
 1.0000e+02	
 1.0000e+02	
 1.0000e+02	
 1.0000e+02	
 1.0000e+02	
 1.0000e+02	
 1.0000e+02	
 1.0000e+02	
 1.0000e+02	
 1.0000e+02	
 1.0000e+02	
 1.0000e+02	
 1.0000e+02	
 1.0000e+02	
 1.0000e+02	
 1.0000e+02	
 1.0000e+02	
 1.0000e+02	
 1.0000e+02	
 1.0000e+02	
 1.0000e+02	
 1.0000e+02	
 1.0000e+02	
 1.0000e+02	
 1.0000e+02	
 1.0000e+02	
 1.0000e+02	
 1.0000e+02	
 1.0000e+02	
 1.0000e+02	
 1.0000e+02	
 1.0000e+02	
 1.0000e+02	
 1.0000e+02	
 1.0000e+02	
 1.0000e+02	
 1.0000e+02	
 1.0000e+02	
 1.0000e+02	
 1.0000e+02	
 1.0000e+02	
 1.0000e+02	
 1.0000e+02	
 1.0000e+02	
 1.0000e+02	
 1.0000e+02	
 1.0000e+02	
 1.0000e+02	
 1.0000e+02	
 1.0000e+02	
 1.0000e+02	
 1.0000e+02	
 1.0000e+02	
 1.0000e+02	
 1.0000e+02	
 1.0000e+02	
 1.0000e+02	
 1.0000e+02	
 1.0000e+02	
 1.0000e+02	
 1.0000e+02	
 1.0000e+02	
 1.0000e+02	
 1.0000e+02	
 1.0000e+02	
 1.0000e+02	
 1.0000e+02	
 1.0000e+02	
 1.0000e+02	
 1.0000e+02	
 1.0000e+02	
 1.0000e+02	
 1.0000e+02	
 1.0000e+02	
 1.0000e+02	
 1.0000e+02	
 1.0000e+02	
 1.0000e+02	
 1.0000e+02	
 1.0000e+02	
 1.0000e+02	
 1.0000e+02	
 1.0000e+02	
 1.0000e+02	
 1.0000e+02	
 1.0000e+02	
 1.0000e+02	
 1.0000e+02	
 1.0000e+02	
 1.0000e+02	
 1.0000e+02	
 1.0000e+02	
 1.0000e+02	
 1.0000e+02	
 1.0000e+02	
 1.0000e+02	
 1.0000e+02	
 1.0000e+02	
 1.0000e+02	
 1.0000e+02	
 1.0000e+02	
 1.0000e+02	
 1.0000e+02	
 1.0000e+02	
 1.0000e+02	
 1.0000e+02	
 1.0000e+02	
 1.0000e+02	
 1.0000e+02	
 1.0000e+02	
 1.0000e+02	
 1.0000e+02	
 1.0000e+02	
 1.0000e+02	
 1.0000e+02	
 1.0000e+02	
 1.0000e+02	
 1.0000e+02	
 1.0000e+02	
 1.0000e+02	
 1.0000e+02	
 1.0000e+02	
 1.0000e+02	
 1.0000e+02	
 1.0000e+02	
 1.0000e+02	
 1.0000e+02	
 1.0000e+02	
 1.0000e+02	
 1.0000e+02	
 1.0000e+02	
 1.0000e+02	
 1.0000e+02	
 1.0000e+02	
 1.0000e+02	
 1.0000e+02	
 1.0000e+02	
 1.0000e+02	
 1.0000e+02	
 1.0000e+02	
 1.0000e+02	
 1.0000e+02	
 1.0000e+02	
 1.0000e+02	
 1.0000e+02	
 1.0000e+02	
 1.0000e+02	
 1.0000e+02	
 1.0000e+02	
 1.0000e+02	
 1.0000e+02	
 1.0000e+02	
 1.0000e+02	
 1.0000e+02	
 1.0000e+02	
 1.0000e+02	
 1.0000e+02	
 1.0000e+02	
 1.0000e+02	
 1.0000e+02	
 1.0000e+02	
 1.0000e+02	
 1.0000e+02	
 1.0000e+02	
 1.0000e+02	
 1.0000e+02	
 1.0000e+02	
 1.0000e+02	
 1.0000e+02	
 1.0000e+02	
 1.0000e+02	
 1.0000e+02	
 1.0000e+02	
 1.0000e+02	
 1.0000e+02	
 1.0000e+02	
 1.0000e+02	
 1.0000e+02	
 1.0000e+02	
 1.0000e+02	
 1.0000e+02	
 1.0000e+02	
 1.0000e+02	
 1.0000e+02	
 1.0000e+02	
 1.0000e+02	
 1.0000e+02	
 1.0000e+02	
 1.0000e+02	
 1.0000e+02	
 1.0000e+02	
 1.0000e+02	
 1.0000e+02	
 1.0000e+02	
 1.0000e+02	
 1.0000e+02	
 1.0000e+02	
 1.0000e+02	
 1.0000e+02	
 1.0000e+02	
 1.0000e+02	
 1.0000e+02	
 1.0000e+02	
 1.0000e+02	
 1.0000e+02	
 1.0000e+02	
 1.0000e+02	
 1.0000e+02	
 1.0000e+02	
 1.0000e+02	
 1.0000e+02	
 1.0000e+02	
 1.0000e+02	
 1.0000e+02	
 1.0000e+02	
 1.0000e+02	
 1.0000e+02	
 1.0000e+02	
 1.0000e+02	
 1.0000e+02	
 1.0000e+02	
 1.0000e+02	
 1.0000e+02	
 1.0000e+02	
 1.0000e+02	
 1.0000e+02	
 1.0000e+02	
 1.0000e+02	
 1.0000e+02	
 1.0000e+02	
 1.0000e+02	
 1.0000e+02	
 1.0000e+02	
 1.0000e+02	
 1.0000e+02	
 1.0000e+02	
 1.0000e+02	
 1.0000e+02	
 1.0000e+02	
 1.0000e+02	
 1.0000e+02	
 1.0000e+02	
 1.0000e+02	
 1.0000e+02	
 1.0000e+02	
 1.0000e+02	
 1.0000e+02	
 1.0000e+02	
 1.0000e+02	
 1.0000e+02	
 1.0000e+02	
 1.0000e+02	
 1.0000e+02	
 1.0000e+02	
 1.0000e+02	
 1.0000e+02	
 1.0000e+02	
 1.0000e+02	
 1.0000e+02	
 1.0000e+02	
 1.0000e+02	
 1.0000e+02	
 1.0000e+02	
 1.0000e+02	
 1.0000e+02	
 1.0000e+02	
 1.0000e+02	
 1.0000e+02	
 1.0000e+02	
 1.0000e+02	
 1.0000e+02	
 1.0000e+02	
 1.0000e+02	
 1.0000e+02	
 1.0000e+02	
 1.0000e+02	
 1.0000e+02	
 1.0000e+02	
 1.0000e+02	
 1.0000e+02	
 1.0000e+02	
 1.0000e+02	
 1.0000e+02	
 1.0000e+02	
 1.0000e+02	
 1.0000e+02	
 1.0000e+02	
 1.0000e+02	
 1.0000e+02	
 1.0000e+02	
 1.0000e+02	
 1.0000e+02	
 1.0000e+02	
 1.0000e+02	
 1.0000e+02	
 1.0000e+02	
 1.0000e+02	
 1.0000e+02	
 1.0000e+02	
 1.0000e+02	
 1.0000e+02	
 1.0000e+02	
 1.0000e+02	
 1.0000e+02	
 1.0000e+02	
 1.0000e+02	
 1.0000e+02	
 1.0000e+02	
 1.0000e+02	
 1.0000e+02	
 1.0000e+02	
 1.0000e+02	
 1.0000e+02	
 1.0000e+02	
 1.0000e+02	
 1.0000e+02	
 1.0000e+02	
 1.0000e+02	
 1.0000e+02	
 1.0000e+02	
 1.0000e+02	
 1.0000e+02	
 1.0000e+02	
 1.0000e+02	
 1.0000e+02	
 1.0000e+02	
 1.0000e+02	
 1.0000e+02	
 1.0000e+02	
 1.0000e+02	
 1.0000e+02	
 1.0000e+02	
 1.0000e+02	
 1.0000e+02	
 1.0000e+02	
 1.0000e+02	
 1.0000e+02	
 1.0000e+02	
 1.0000e+02	
 1.0000e+02	
 1.0000e+02	
 1.0000e+02	
 1.0000e+02	
 1.0000e+02	
 1.0000e+02	
 1.0000e+02	
 1.0000e+02	
 1.0000e+02	
 1.0000e+02	
 1.0000e+02	
 1.0000e+02	
 1.0000e+02	
 1.0000e+02	
 1.0000e+02	
 1.0000e+02	
 1.0000e+02	
 1.0000e+02	
 1.0000e+02	
 1.0000e+02	
 1.0000e+02	
 1.0000e+02	
 1.0000e+02	
 1.0000e+02	
 1.0000e+02	
 1.0000e+02	
 1.0000e+02	
 1.0000e+02	
 1.0000e+02	
 1.0000e+02	
 1.0000e+02	
 1.0000e+02	
 1.0000e+02	
 1.0000e+02	
 1.0000e+02	
 1.0000e+02	
 1.0000e+02	
 1.0000e+02	
 1.0000e+02	
 1.0000e+02	
 1.0000e+02	
